<?xml version="1.0" encoding="UTF-8"?>
<!-- Generated by org.testng.reporters.JUnitReportReporter -->
<testsuite hostname="DESKTOP-KU7NGIP" failures="0" tests="2" name="Module1HomePageTest.HomePageTest" time="4.209" errors="0" timestamp="2024-02-20T20:10:48 IST" skipped="0">
  <testcase classname="Module1HomePageTest.HomePageTest" name="verifyText" time="1.580"/>
  <system-out>
    <![CDATA[Running Verify Text TC]]>
  </system-out>
  <testcase classname="Module1HomePageTest.HomePageTest" name="verifyImageDisplayedOrNot" time="2.629"/>
  <system-out>
    <![CDATA[Running verifyImageDisplayedOrNot TC]]>
  </system-out>
</testsuite> <!-- Module1HomePageTest.HomePageTest -->
